<?xml version="1.0" encoding="UTF-8"?>
<!-- Generated by org.testng.reporters.JUnitReportReporter -->
<testsuite hostname="HP" failures="0" tests="2" name="com.herokuapp.theinternet.NegativeTests" time="42.811" errors="0" timestamp="2020-09-11T10:33:41 PET" skipped="0">
  <testcase classname="com.herokuapp.theinternet.NegativeTests" name="negativeLoginTest" time="13.828"/>
  <system-out/>
  <testcase classname="com.herokuapp.theinternet.NegativeTests" name="negativeLoginTest" time="28.983"/>
  <system-out/>
</testsuite> <!-- com.herokuapp.theinternet.NegativeTests -->
