<?xml version="1.0" encoding="UTF-8"?>
<!-- Generated by org.testng.reporters.JUnitReportReporter -->
<testsuite hostname="HP" failures="0" tests="1" name="com.herokuapp.theinternet.PositiveTests" time="30.204" errors="0" timestamp="2020-09-10T10:26:44 PET" skipped="0">
  <testcase classname="com.herokuapp.theinternet.PositiveTests" name="loginTest" time="30.204"/>
  <system-out/>
</testsuite> <!-- com.herokuapp.theinternet.PositiveTests -->
