<?xml version="1.0" encoding="UTF-8"?>
<!-- Generated by org.testng.reporters.JUnitReportReporter -->
<testsuite hostname="HP" failures="0" tests="1" name="com.herokuapp.theinternet.PositiveTests" time="16.743" errors="0" timestamp="2020-09-10T10:52:19 PET" skipped="0">
  <testcase classname="com.herokuapp.theinternet.PositiveTests" name="loginTest" time="16.743"/>
  <system-out/>
</testsuite> <!-- com.herokuapp.theinternet.PositiveTests -->
