<?xml version="1.0" encoding="UTF-8"?>
<!-- Generated by org.testng.reporters.JUnitReportReporter -->
<testsuite hostname="HP" failures="0" tests="2" name="com.herokuapp.theinternet.NegativeTests" time="28.728" errors="0" timestamp="2020-09-10T10:52:19 PET" skipped="0">
  <testcase classname="com.herokuapp.theinternet.NegativeTests" name="incorrectUsernameTest" time="14.632"/>
  <system-out/>
  <testcase classname="com.herokuapp.theinternet.NegativeTests" name="incorrectPasswordTest" time="14.096"/>
  <system-out/>
</testsuite> <!-- com.herokuapp.theinternet.NegativeTests -->
